<?xml version="1.0" encoding="UTF-8"?>
<testng-results ignored="0" total="1" passed="1" failed="0" skipped="0">
  <reporter-output>
  </reporter-output>
  <suite started-at="2021-11-06T17:58:13Z" name="Default suite" finished-at="2021-11-06T17:58:17Z" duration-ms="3912">
    <groups>
    </groups>
    <test started-at="2021-11-06T17:58:13Z" name="Default test" finished-at="2021-11-06T17:58:17Z" duration-ms="3912">
      <class name="loginTests.TC_02_logout">
        <test-method is-config="true" signature="startWebDriver()[pri:0, instance:loginTests.TC_02_logout@74d7184a]" started-at="2021-11-06T11:58:13Z" name="startWebDriver" finished-at="2021-11-06T11:58:15Z" duration-ms="1397" status="PASS">
          <reporter-output>
          </reporter-output>
        </test-method> <!-- startWebDriver -->
        <test-method signature="TC_01()[pri:0, instance:loginTests.TC_02_logout@74d7184a]" started-at="2021-11-06T11:58:15Z" name="TC_01" finished-at="2021-11-06T11:58:17Z" duration-ms="2362" status="PASS">
          <reporter-output>
          </reporter-output>
        </test-method> <!-- TC_01 -->
        <test-method is-config="true" signature="closeDriver()[pri:0, instance:loginTests.TC_02_logout@74d7184a]" started-at="2021-11-06T11:58:17Z" name="closeDriver" finished-at="2021-11-06T11:58:17Z" duration-ms="140" status="PASS">
          <reporter-output>
          </reporter-output>
        </test-method> <!-- closeDriver -->
      </class> <!-- loginTests.TC_02_logout -->
    </test> <!-- Default test -->
  </suite> <!-- Default suite -->
</testng-results>
