<?xml version="1.0" encoding="UTF-8"?>
<testng-results ignored="0" total="1" passed="1" failed="0" skipped="0">
  <reporter-output>
  </reporter-output>
  <suite started-at="2021-11-13T02:58:54Z" name="Default suite" finished-at="2021-11-13T02:58:58Z" duration-ms="3772">
    <groups>
    </groups>
    <test started-at="2021-11-13T02:58:54Z" name="Default test" finished-at="2021-11-13T02:58:58Z" duration-ms="3772">
      <class name="loginTests.TC_01_Login">
        <test-method is-config="true" signature="startWebDriver()[pri:0, instance:loginTests.TC_01_Login@3fc08eec]" started-at="2021-11-12T20:58:54Z" name="startWebDriver" finished-at="2021-11-12T20:58:55Z" duration-ms="1599" status="PASS">
          <reporter-output>
          </reporter-output>
        </test-method> <!-- startWebDriver -->
        <test-method signature="TC_01()[pri:0, instance:loginTests.TC_01_Login@3fc08eec]" started-at="2021-11-12T20:58:55Z" name="TC_01" finished-at="2021-11-12T20:58:57Z" duration-ms="1890" status="PASS">
          <reporter-output>
          </reporter-output>
        </test-method> <!-- TC_01 -->
        <test-method is-config="true" signature="closeDriver()[pri:0, instance:loginTests.TC_01_Login@3fc08eec]" started-at="2021-11-12T20:58:57Z" name="closeDriver" finished-at="2021-11-12T20:58:58Z" duration-ms="244" status="PASS">
          <reporter-output>
          </reporter-output>
        </test-method> <!-- closeDriver -->
      </class> <!-- loginTests.TC_01_Login -->
    </test> <!-- Default test -->
  </suite> <!-- Default suite -->
</testng-results>
